<?xml version="1.0" encoding="UTF-8"?>
<!-- Generated by org.testng.reporters.JUnitXMLReporter -->
<testsuite hostname="LAPTOP-U6N7CFLI" ignored="0" name="Test" tests="2" failures="1" timestamp="24 Sep 2017 18:51:44 GMT" time="347.265" errors="0">
  <testcase name="FirstTestCase" time="189.284" classname="MeridianPackage.Accessories_TestCases1"/>
  <testcase name="FirstTestCase" time="155.397" classname="MeridianPackage.Childrens_TestCases2">
    <failure type="java.lang.IndexOutOfBoundsException" message="Index: 1, Size: 0">
      <![CDATA[java.lang.IndexOutOfBoundsException: Index: 1, Size: 0
	at java.util.ArrayList.rangeCheck(Unknown Source)
	at java.util.ArrayList.get(Unknown Source)
	at MeridianPackage.Childrens_TestCases2.FirstTestCase(Childrens_TestCases2.java:125)
... Removed 25 stack frames]]>
    </failure>
  </testcase> <!-- FirstTestCase -->
</testsuite> <!-- Test -->
