<?xml version="1.0" encoding="UTF-8"?>
<testng-results skipped="0" failed="1" ignored="0" total="2" passed="1">
  <reporter-output>
  </reporter-output>
  <suite name="Suite" duration-ms="287172" started-at="2017-09-25T07:34:20Z" finished-at="2017-09-25T07:39:07Z">
    <groups>
    </groups>
    <test name="Test" duration-ms="287172" started-at="2017-09-25T07:34:20Z" finished-at="2017-09-25T07:39:07Z">
      <class name="MeridianPackage.Accessories_TestCases1">
        <test-method status="PASS" signature="LoginMethod()[pri:0, instance:MeridianPackage.Accessories_TestCases1@47c62251]" name="LoginMethod" is-config="true" duration-ms="33336" started-at="2017-09-25T13:03:46Z" finished-at="2017-09-25T13:04:20Z">
          <reporter-output>
          </reporter-output>
        </test-method> <!-- LoginMethod -->
        <test-method status="PASS" signature="FirstTestCase(java.lang.String)[pri:0, instance:MeridianPackage.Accessories_TestCases1@47c62251]" name="FirstTestCase" duration-ms="120663" started-at="2017-09-25T13:04:20Z" data-provider="getData2" finished-at="2017-09-25T13:06:20Z">
          <params>
            <param index="0">
              <value>
                <![CDATA[//a[text()='Appliances']]]>
              </value>
            </param>
          </params>
          <reporter-output>
          </reporter-output>
        </test-method> <!-- FirstTestCase -->
        <test-method status="PASS" signature="BrowserClose()[pri:0, instance:MeridianPackage.Accessories_TestCases1@47c62251]" name="BrowserClose" is-config="true" duration-ms="2268" started-at="2017-09-25T13:09:03Z" finished-at="2017-09-25T13:09:05Z">
          <reporter-output>
          </reporter-output>
        </test-method> <!-- BrowserClose -->
        <test-method status="PASS" signature="BrowserClose()[pri:0, instance:MeridianPackage.Childrens_TestCases2@3e6fa38a]" name="BrowserClose" is-config="true" duration-ms="2081" started-at="2017-09-25T13:09:05Z" finished-at="2017-09-25T13:09:07Z">
          <reporter-output>
          </reporter-output>
        </test-method> <!-- BrowserClose -->
      </class> <!-- MeridianPackage.Accessories_TestCases1 -->
      <class name="MeridianPackage.Childrens_TestCases2">
        <test-method status="FAIL" signature="FirstTestCase(java.lang.String)[pri:0, instance:MeridianPackage.Childrens_TestCases2@3e6fa38a]" name="FirstTestCase" duration-ms="162097" started-at="2017-09-25T13:06:20Z" data-provider="getData2" finished-at="2017-09-25T13:09:03Z">
          <params>
            <param index="0">
              <value>
                <![CDATA[//a[text()='Children's']]]>
              </value>
            </param>
          </params>
          <exception class="java.lang.IndexOutOfBoundsException">
            <message>
              <![CDATA[Index: 1, Size: 0]]>
            </message>
            <full-stacktrace>
              <![CDATA[java.lang.IndexOutOfBoundsException: Index: 1, Size: 0
	at java.util.ArrayList.rangeCheck(Unknown Source)
	at java.util.ArrayList.get(Unknown Source)
	at MeridianPackage.Childrens_TestCases2.FirstTestCase(Childrens_TestCases2.java:125)
	at sun.reflect.NativeMethodAccessorImpl.invoke0(Native Method)
	at sun.reflect.NativeMethodAccessorImpl.invoke(Unknown Source)
	at sun.reflect.DelegatingMethodAccessorImpl.invoke(Unknown Source)
	at java.lang.reflect.Method.invoke(Unknown Source)
	at org.testng.internal.MethodInvocationHelper.invokeMethod(MethodInvocationHelper.java:108)
	at org.testng.internal.Invoker.invokeMethod(Invoker.java:661)
	at org.testng.internal.Invoker.invokeTestMethod(Invoker.java:869)
	at org.testng.internal.Invoker.invokeTestMethods(Invoker.java:1193)
	at org.testng.internal.TestMethodWorker.invokeTestMethods(TestMethodWorker.java:126)
	at org.testng.internal.TestMethodWorker.run(TestMethodWorker.java:109)
	at org.testng.TestRunner.privateRun(TestRunner.java:744)
	at org.testng.TestRunner.run(TestRunner.java:602)
	at org.testng.SuiteRunner.runTest(SuiteRunner.java:380)
	at org.testng.SuiteRunner.runSequentially(SuiteRunner.java:375)
	at org.testng.SuiteRunner.privateRun(SuiteRunner.java:340)
	at org.testng.SuiteRunner.run(SuiteRunner.java:289)
	at org.testng.SuiteRunnerWorker.runSuite(SuiteRunnerWorker.java:52)
	at org.testng.SuiteRunnerWorker.run(SuiteRunnerWorker.java:86)
	at org.testng.TestNG.runSuitesSequentially(TestNG.java:1301)
	at org.testng.TestNG.runSuitesLocally(TestNG.java:1226)
	at org.testng.TestNG.runSuites(TestNG.java:1144)
	at org.testng.TestNG.run(TestNG.java:1115)
	at org.testng.remote.AbstractRemoteTestNG.run(AbstractRemoteTestNG.java:132)
	at org.testng.remote.RemoteTestNG.initAndRun(RemoteTestNG.java:230)
	at org.testng.remote.RemoteTestNG.main(RemoteTestNG.java:76)
]]>
            </full-stacktrace>
          </exception> <!-- java.lang.IndexOutOfBoundsException -->
          <reporter-output>
          </reporter-output>
        </test-method> <!-- FirstTestCase -->
      </class> <!-- MeridianPackage.Childrens_TestCases2 -->
    </test> <!-- Test -->
  </suite> <!-- Suite -->
</testng-results>
