<?xml version="1.0" encoding="UTF-8"?>
<testng-results skipped="0" failed="0" ignored="0" total="1" passed="1">
  <reporter-output>
  </reporter-output>
  <suite name="Suite" duration-ms="57481" started-at="2017-09-21T21:22:10Z" finished-at="2017-09-21T21:23:08Z">
    <groups>
    </groups>
    <test name="Test" duration-ms="57481" started-at="2017-09-21T21:22:10Z" finished-at="2017-09-21T21:23:08Z">
      <class name="MeridianPackage.loginPageTestCases">
        <test-method status="PASS" signature="loginTestCases(java.lang.String, java.lang.String)[pri:0, instance:MeridianPackage.loginPageTestCases@61832929]" name="loginTestCases" duration-ms="57425" started-at="2017-09-22T02:52:10Z" data-provider="getData" finished-at="2017-09-22T02:53:08Z">
          <params>
            <param index="0">
              <value>
                <![CDATA[Meridian]]>
              </value>
            </param>
            <param index="1">
              <value>
                <![CDATA[Demo]]>
              </value>
            </param>
          </params>
          <reporter-output>
          </reporter-output>
        </test-method> <!-- loginTestCases -->
      </class> <!-- MeridianPackage.loginPageTestCases -->
    </test> <!-- Test -->
  </suite> <!-- Suite -->
</testng-results>
