<?xml version="1.0" encoding="UTF-8"?>
<!-- Generated by org.testng.reporters.JUnitXMLReporter -->
<testsuite hostname="Lenovo-PC" ignored="0" name="Test" tests="2" failures="1" timestamp="23 Sep 2017 19:16:21 GMT" time="508.136" errors="0">
  <testcase name="FirstTestCase" time="215.32" classname="MeridianPackage.Accessories_TestCases1"/>
  <testcase name="FirstTestCase" time="290.785" classname="MeridianPackage.Childrens_TestCases2">
    <failure type="java.lang.IndexOutOfBoundsException" message="Index: 1, Size: 0">
      <![CDATA[java.lang.IndexOutOfBoundsException: Index: 1, Size: 0
	at java.util.ArrayList.rangeCheck(ArrayList.java:653)
	at java.util.ArrayList.get(ArrayList.java:429)
	at MeridianPackage.Childrens_TestCases2.FirstTestCase(Childrens_TestCases2.java:125)
... Removed 25 stack frames]]>
    </failure>
  </testcase> <!-- FirstTestCase -->
</testsuite> <!-- Test -->
